[debug] [2025-10-15T20:09:30.469Z] ----------------------------------------------------------------------
[debug] [2025-10-15T20:09:30.471Z] Command:       C:\Program Files\nodejs\node.exe C:\Users\Carlos\AppData\Roaming\npm\node_modules\firebase-tools\lib\bin\firebase.js deploy --only functions:sendDeadlineReminders --force
[debug] [2025-10-15T20:09:30.471Z] CLI Version:   14.19.1
[debug] [2025-10-15T20:09:30.471Z] Platform:      win32
[debug] [2025-10-15T20:09:30.471Z] Node Version:  v22.19.0
[debug] [2025-10-15T20:09:30.471Z] Time:          Thu Oct 16 2025 04:09:30 GMT+0800 (Philippine Standard Time)
[debug] [2025-10-15T20:09:30.472Z] ----------------------------------------------------------------------
[debug] 
[debug] [2025-10-15T20:09:30.631Z] > command requires scopes: ["email","openid","https://www.googleapis.com/auth/cloudplatformprojects.readonly","https://www.googleapis.com/auth/firebase","https://www.googleapis.com/auth/cloud-platform"]
[debug] [2025-10-15T20:09:30.632Z] > authorizing via signed-in user (carlosmiguelbermejo617@gmail.com)
[debug] [2025-10-15T20:09:30.632Z] [iam] checking project taskmaster-app-642b7 for permissions ["cloudfunctions.functions.create","cloudfunctions.functions.delete","cloudfunctions.functions.get","cloudfunctions.functions.list","cloudfunctions.functions.update","cloudfunctions.operations.get","firebase.projects.get"]
[debug] [2025-10-15T20:09:30.633Z] Checked if tokens are valid: true, expires at: 1760561679606
[debug] [2025-10-15T20:09:30.633Z] Checked if tokens are valid: true, expires at: 1760561679606
[debug] [2025-10-15T20:09:30.634Z] >>> [apiv2][query] POST https://cloudresourcemanager.googleapis.com/v1/projects/taskmaster-app-642b7:testIamPermissions [none]
[debug] [2025-10-15T20:09:30.634Z] >>> [apiv2][(partial)header] POST https://cloudresourcemanager.googleapis.com/v1/projects/taskmaster-app-642b7:testIamPermissions x-goog-quota-user=projects/taskmaster-app-642b7
[debug] [2025-10-15T20:09:30.634Z] >>> [apiv2][body] POST https://cloudresourcemanager.googleapis.com/v1/projects/taskmaster-app-642b7:testIamPermissions {"permissions":["cloudfunctions.functions.create","cloudfunctions.functions.delete","cloudfunctions.functions.get","cloudfunctions.functions.list","cloudfunctions.functions.update","cloudfunctions.operations.get","firebase.projects.get"]}
[debug] [2025-10-15T20:09:31.707Z] <<< [apiv2][status] POST https://cloudresourcemanager.googleapis.com/v1/projects/taskmaster-app-642b7:testIamPermissions 200
[debug] [2025-10-15T20:09:31.707Z] <<< [apiv2][body] POST https://cloudresourcemanager.googleapis.com/v1/projects/taskmaster-app-642b7:testIamPermissions {"permissions":["cloudfunctions.functions.create","cloudfunctions.functions.delete","cloudfunctions.functions.get","cloudfunctions.functions.list","cloudfunctions.functions.update","cloudfunctions.operations.get","firebase.projects.get"]}
[debug] [2025-10-15T20:09:31.708Z] Checked if tokens are valid: true, expires at: 1760561679606
[debug] [2025-10-15T20:09:31.708Z] Checked if tokens are valid: true, expires at: 1760561679606
[debug] [2025-10-15T20:09:31.708Z] >>> [apiv2][query] POST https://iam.googleapis.com/v1/projects/taskmaster-app-642b7/serviceAccounts/taskmaster-app-642b7@appspot.gserviceaccount.com:testIamPermissions [none]
[debug] [2025-10-15T20:09:31.708Z] >>> [apiv2][body] POST https://iam.googleapis.com/v1/projects/taskmaster-app-642b7/serviceAccounts/taskmaster-app-642b7@appspot.gserviceaccount.com:testIamPermissions {"permissions":["iam.serviceAccounts.actAs"]}
[debug] [2025-10-15T20:09:32.929Z] <<< [apiv2][status] POST https://iam.googleapis.com/v1/projects/taskmaster-app-642b7/serviceAccounts/taskmaster-app-642b7@appspot.gserviceaccount.com:testIamPermissions 200
[debug] [2025-10-15T20:09:32.929Z] <<< [apiv2][body] POST https://iam.googleapis.com/v1/projects/taskmaster-app-642b7/serviceAccounts/taskmaster-app-642b7@appspot.gserviceaccount.com:testIamPermissions {"permissions":["iam.serviceAccounts.actAs"]}
[info] 
[info] === Deploying to 'taskmaster-app-642b7'...
[info] 
[info] i  deploying functions 
[info] +  functions: Finished running predeploy script. 
[debug] [2025-10-15T20:09:32.934Z] Checked if tokens are valid: true, expires at: 1760561679606
[debug] [2025-10-15T20:09:32.934Z] Checked if tokens are valid: true, expires at: 1760561679606
[debug] [2025-10-15T20:09:32.934Z] >>> [apiv2][query] GET https://cloudresourcemanager.googleapis.com/v1/projects/taskmaster-app-642b7 [none]
[debug] [2025-10-15T20:09:33.188Z] <<< [apiv2][status] GET https://cloudresourcemanager.googleapis.com/v1/projects/taskmaster-app-642b7 200
[debug] [2025-10-15T20:09:33.188Z] <<< [apiv2][body] GET https://cloudresourcemanager.googleapis.com/v1/projects/taskmaster-app-642b7 {"projectNumber":"874779590659","projectId":"taskmaster-app-642b7","lifecycleState":"ACTIVE","name":"taskmaster-app","labels":{"firebase":"enabled","firebase-core":"disabled"},"createTime":"2025-10-13T16:35:29.101919Z"}
[info] i  functions: preparing codebase default for deployment 
[info] i  functions: ensuring required API cloudfunctions.googleapis.com is enabled... 
[info] i  functions: ensuring required API cloudbuild.googleapis.com is enabled... 
[info] i  artifactregistry: ensuring required API artifactregistry.googleapis.com is enabled... 
[debug] [2025-10-15T20:09:33.191Z] Checked if tokens are valid: true, expires at: 1760561679606
[debug] [2025-10-15T20:09:33.191Z] Checked if tokens are valid: true, expires at: 1760561679606
[debug] [2025-10-15T20:09:33.191Z] >>> [apiv2][query] GET https://firebase.googleapis.com/v1beta1/projects/taskmaster-app-642b7/adminSdkConfig [none]
[debug] [2025-10-15T20:09:33.559Z] <<< [apiv2][status] GET https://firebase.googleapis.com/v1beta1/projects/taskmaster-app-642b7/adminSdkConfig 200
[debug] [2025-10-15T20:09:33.559Z] <<< [apiv2][body] GET https://firebase.googleapis.com/v1beta1/projects/taskmaster-app-642b7/adminSdkConfig {"projectId":"taskmaster-app-642b7","storageBucket":"taskmaster-app-642b7.firebasestorage.app"}
[debug] [2025-10-15T20:09:33.560Z] Checked if tokens are valid: true, expires at: 1760561679606
[debug] [2025-10-15T20:09:33.560Z] Checked if tokens are valid: true, expires at: 1760561679606
[debug] [2025-10-15T20:09:33.560Z] >>> [apiv2][query] GET https://runtimeconfig.googleapis.com/v1beta1/projects/taskmaster-app-642b7/configs [none]
[debug] [2025-10-15T20:09:33.976Z] <<< [apiv2][status] GET https://runtimeconfig.googleapis.com/v1beta1/projects/taskmaster-app-642b7/configs 200
[debug] [2025-10-15T20:09:33.977Z] <<< [apiv2][body] GET https://runtimeconfig.googleapis.com/v1beta1/projects/taskmaster-app-642b7/configs {"configs":[{"name":"projects/taskmaster-app-642b7/configs/sendgrid"}]}
[debug] [2025-10-15T20:09:33.977Z] Checked if tokens are valid: true, expires at: 1760561679606
[debug] [2025-10-15T20:09:33.977Z] Checked if tokens are valid: true, expires at: 1760561679606
[debug] [2025-10-15T20:09:33.977Z] >>> [apiv2][query] GET https://runtimeconfig.googleapis.com/v1beta1/projects/taskmaster-app-642b7/configs/sendgrid/variables [none]
[debug] [2025-10-15T20:09:34.237Z] <<< [apiv2][status] GET https://runtimeconfig.googleapis.com/v1beta1/projects/taskmaster-app-642b7/configs/sendgrid/variables 200
[debug] [2025-10-15T20:09:34.237Z] <<< [apiv2][body] GET https://runtimeconfig.googleapis.com/v1beta1/projects/taskmaster-app-642b7/configs/sendgrid/variables {"variables":[{"name":"projects/taskmaster-app-642b7/configs/sendgrid/variables/key","updateTime":"2025-10-15T19:22:30.837246841Z"}]}
[debug] [2025-10-15T20:09:34.237Z] Checked if tokens are valid: true, expires at: 1760561679606
[debug] [2025-10-15T20:09:34.237Z] Checked if tokens are valid: true, expires at: 1760561679606
[debug] [2025-10-15T20:09:34.237Z] >>> [apiv2][query] GET https://runtimeconfig.googleapis.com/v1beta1/projects/taskmaster-app-642b7/configs/sendgrid/variables/key [none]
[debug] [2025-10-15T20:09:34.480Z] <<< [apiv2][status] GET https://runtimeconfig.googleapis.com/v1beta1/projects/taskmaster-app-642b7/configs/sendgrid/variables/key 200
[debug] [2025-10-15T20:09:34.480Z] <<< [apiv2][body] GET https://runtimeconfig.googleapis.com/v1beta1/projects/taskmaster-app-642b7/configs/sendgrid/variables/key {"name":"projects/taskmaster-app-642b7/configs/sendgrid/variables/key","updateTime":"2025-10-15T19:22:30.837246841Z","text":"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"}
[debug] [2025-10-15T20:09:34.481Z] Validating nodejs source
[warn] !  functions: Runtime Node.js 18 was deprecated on 2025-04-30 and will be decommissioned on 2025-10-30, after which you will not be able to deploy without upgrading. Consider upgrading now to avoid disruption. See https://cloud.google.com/functions/docs/runtime-support for full details on the lifecycle policy 
[debug] [2025-10-15T20:09:35.903Z] > [functions] package.json contents: {
  "name": "functions",
  "description": "Cloud Functions for Firebase",
  "type": "module",
  "scripts": {
    "serve": "firebase emulators:start --only functions",
    "shell": "firebase functions:shell",
    "start": "npm run shell",
    "deploy": "firebase deploy --only functions",
    "logs": "firebase functions:log"
  },
  "engines": {
    "node": "18"
  },
  "main": "index.js",
  "dependencies": {
    "@sendgrid/mail": "^8.1.6",
    "firebase-admin": "^13.5.0",
    "firebase-functions": "^6.5.0"
  },
  "devDependencies": {
    "eslint": "^8.15.0",
    "eslint-config-google": "^0.14.0",
    "firebase-functions-test": "^3.1.0"
  },
  "private": true
}
[debug] [2025-10-15T20:09:35.903Z] Building nodejs source
[info] i  functions: Loading and analyzing source code for codebase default to determine what to deploy 
[debug] [2025-10-15T20:09:35.905Z] Could not find functions.yaml. Must use http discovery
[debug] [2025-10-15T20:09:35.914Z] Found firebase-functions binary at 'C:\Users\Carlos\workloon\functions\node_modules\.bin\firebase-functions'
[info] Serving at port 8525

[debug] [2025-10-15T20:09:36.505Z] Got response from /__/functions.yaml {"endpoints":{"sendDeadlineReminders":{"availableMemoryMb":512,"timeoutSeconds":120,"minInstances":null,"maxInstances":null,"ingressSettings":null,"concurrency":null,"serviceAccountEmail":null,"vpc":null,"platform":"gcfv2","labels":{},"scheduleTrigger":{"schedule":"every 10 minutes","retryConfig":{},"timeZone":"Asia/Manila"},"entryPoint":"sendDeadlineReminders"}},"specVersion":"v1alpha1","requiredAPIs":[{"api":"cloudscheduler.googleapis.com","reason":"Needed for scheduled functions."}],"extensions":{}}
[info] i  extensions: ensuring required API firebaseextensions.googleapis.com is enabled... 
[debug] [2025-10-15T20:09:40.545Z] > command requires scopes: ["email","openid","https://www.googleapis.com/auth/cloudplatformprojects.readonly","https://www.googleapis.com/auth/firebase","https://www.googleapis.com/auth/cloud-platform"]
[debug] [2025-10-15T20:09:40.545Z] > authorizing via signed-in user (carlosmiguelbermejo617@gmail.com)
[debug] [2025-10-15T20:09:40.545Z] [iam] checking project taskmaster-app-642b7 for permissions ["firebase.projects.get","firebaseextensions.instances.list"]
[debug] [2025-10-15T20:09:40.545Z] Checked if tokens are valid: true, expires at: 1760561679606
[debug] [2025-10-15T20:09:40.545Z] Checked if tokens are valid: true, expires at: 1760561679606
[debug] [2025-10-15T20:09:40.545Z] >>> [apiv2][query] POST https://cloudresourcemanager.googleapis.com/v1/projects/taskmaster-app-642b7:testIamPermissions [none]
[debug] [2025-10-15T20:09:40.545Z] >>> [apiv2][(partial)header] POST https://cloudresourcemanager.googleapis.com/v1/projects/taskmaster-app-642b7:testIamPermissions x-goog-quota-user=projects/taskmaster-app-642b7
[debug] [2025-10-15T20:09:40.545Z] >>> [apiv2][body] POST https://cloudresourcemanager.googleapis.com/v1/projects/taskmaster-app-642b7:testIamPermissions {"permissions":["firebase.projects.get","firebaseextensions.instances.list"]}
[debug] [2025-10-15T20:09:41.577Z] <<< [apiv2][status] POST https://cloudresourcemanager.googleapis.com/v1/projects/taskmaster-app-642b7:testIamPermissions 200
[debug] [2025-10-15T20:09:41.577Z] <<< [apiv2][body] POST https://cloudresourcemanager.googleapis.com/v1/projects/taskmaster-app-642b7:testIamPermissions {"permissions":["firebase.projects.get","firebaseextensions.instances.list"]}
[debug] [2025-10-15T20:09:41.578Z] Checked if tokens are valid: true, expires at: 1760561679606
[debug] [2025-10-15T20:09:41.578Z] Checked if tokens are valid: true, expires at: 1760561679606
[debug] [2025-10-15T20:09:41.578Z] >>> [apiv2][query] GET https://firebaseextensions.googleapis.com/v1beta/projects/taskmaster-app-642b7/instances pageSize=100&pageToken=
[debug] [2025-10-15T20:09:42.786Z] <<< [apiv2][status] GET https://firebaseextensions.googleapis.com/v1beta/projects/taskmaster-app-642b7/instances 200
[debug] [2025-10-15T20:09:42.786Z] <<< [apiv2][body] GET https://firebaseextensions.googleapis.com/v1beta/projects/taskmaster-app-642b7/instances {}
[info] i  functions: preparing functions directory for uploading... 
[info] i  functions: packaged C:\Users\Carlos\workloon\functions (79.28 KB) for uploading 
[debug] [2025-10-15T20:09:42.823Z] Checked if tokens are valid: true, expires at: 1760561679606
[debug] [2025-10-15T20:09:42.823Z] Checked if tokens are valid: true, expires at: 1760561679606
[debug] [2025-10-15T20:09:42.823Z] >>> [apiv2][query] GET https://cloudfunctions.googleapis.com/v1/projects/taskmaster-app-642b7/locations/-/functions [none]
[debug] [2025-10-15T20:09:43.528Z] <<< [apiv2][status] GET https://cloudfunctions.googleapis.com/v1/projects/taskmaster-app-642b7/locations/-/functions 200
[debug] [2025-10-15T20:09:43.529Z] <<< [apiv2][body] GET https://cloudfunctions.googleapis.com/v1/projects/taskmaster-app-642b7/locations/-/functions {}
[debug] [2025-10-15T20:09:43.529Z] Checked if tokens are valid: true, expires at: 1760561679606
[debug] [2025-10-15T20:09:43.529Z] Checked if tokens are valid: true, expires at: 1760561679606
[debug] [2025-10-15T20:09:43.529Z] >>> [apiv2][query] GET https://cloudfunctions.googleapis.com/v2/projects/taskmaster-app-642b7/locations/-/functions filter=environment%3D%22GEN_2%22
[debug] [2025-10-15T20:09:44.853Z] <<< [apiv2][status] GET https://cloudfunctions.googleapis.com/v2/projects/taskmaster-app-642b7/locations/-/functions 200
[debug] [2025-10-15T20:09:44.853Z] <<< [apiv2][body] GET https://cloudfunctions.googleapis.com/v2/projects/taskmaster-app-642b7/locations/-/functions {"functions":[{"name":"projects/taskmaster-app-642b7/locations/us-central1/functions/sendDeadlineReminders","buildConfig":{"build":"projects/874779590659/locations/us-central1/builds/d9882b38-9ceb-45aa-9f53-a1b9a55a325b","runtime":"nodejs18","entryPoint":"sendDeadlineReminders","source":{"storageSource":{"bucket":"gcf-v2-sources-874779590659-us-central1","object":"sendDeadlineReminders/function-source.zip","generation":"1760558103747409"}},"environmentVariables":{"GOOGLE_NODE_RUN_SCRIPTS":""},"dockerRepository":"projects/taskmaster-app-642b7/locations/us-central1/repositories/gcf-artifacts","serviceAccount":"projects/taskmaster-app-642b7/serviceAccounts/874779590659-compute@developer.gserviceaccount.com","automaticUpdatePolicy":{}},"serviceConfig":{"service":"projects/taskmaster-app-642b7/locations/us-central1/services/senddeadlinereminders","timeoutSeconds":120,"environmentVariables":{"FIREBASE_CONFIG":"{\"projectId\":\"taskmaster-app-642b7\",\"storageBucket\":\"taskmaster-app-642b7.firebasestorage.app\"}","GCLOUD_PROJECT":"taskmaster-app-642b7","EVENTARC_CLOUD_EVENT_SOURCE":"projects/taskmaster-app-642b7/locations/us-central1/services/sendDeadlineReminders","FUNCTION_TARGET":"sendDeadlineReminders","LOG_EXECUTION_ID":"true"},"maxInstanceCount":3,"ingressSettings":"ALLOW_ALL","uri":"https://senddeadlinereminders-qp3mnwknxq-uc.a.run.app","serviceAccountEmail":"874779590659-compute@developer.gserviceaccount.com","availableMemory":"512Mi","allTrafficOnLatestRevision":true,"revision":"senddeadlinereminders-00006-taf","maxInstanceRequestConcurrency":80,"availableCpu":"1"},"state":"ACTIVE","updateTime":"2025-10-15T19:57:42.951404191Z","labels":{"firebase-functions-hash":"4b11ef877bffe07e38d2ea214125e7a59f4d161d","deployment-tool":"cli-firebase","deployment-scheduled":"true"},"environment":"GEN_2","url":"https://us-central1-taskmaster-app-642b7.cloudfunctions.net/sendDeadlineReminders","createTime":"2025-10-15T18:39:16.181125638Z","satisfiesPzi":true}]}
[info] i  functions: ensuring required API cloudscheduler.googleapis.com is enabled... 
[info] i  functions: ensuring required API run.googleapis.com is enabled... 
[info] i  functions: ensuring required API eventarc.googleapis.com is enabled... 
[info] i  functions: ensuring required API pubsub.googleapis.com is enabled... 
[info] i  functions: ensuring required API storage.googleapis.com is enabled... 
[info] i  functions: generating the service identity for pubsub.googleapis.com... 
[debug] [2025-10-15T20:09:44.858Z] Checked if tokens are valid: true, expires at: 1760561679606
[debug] [2025-10-15T20:09:44.858Z] Checked if tokens are valid: true, expires at: 1760561679606
[info] i  functions: generating the service identity for eventarc.googleapis.com... 
[debug] [2025-10-15T20:09:44.858Z] Checked if tokens are valid: true, expires at: 1760561679606
[debug] [2025-10-15T20:09:44.858Z] Checked if tokens are valid: true, expires at: 1760561679606
[debug] [2025-10-15T20:09:44.858Z] >>> [apiv2][query] POST https://serviceusage.googleapis.com/v1beta1/projects/874779590659/services/pubsub.googleapis.com:generateServiceIdentity [none]
[debug] [2025-10-15T20:09:44.858Z] >>> [apiv2][(partial)header] POST https://serviceusage.googleapis.com/v1beta1/projects/874779590659/services/pubsub.googleapis.com:generateServiceIdentity x-goog-quota-user=projects/874779590659
[debug] [2025-10-15T20:09:44.858Z] >>> [apiv2][body] POST https://serviceusage.googleapis.com/v1beta1/projects/874779590659/services/pubsub.googleapis.com:generateServiceIdentity {}
[debug] [2025-10-15T20:09:44.859Z] >>> [apiv2][query] POST https://serviceusage.googleapis.com/v1beta1/projects/874779590659/services/eventarc.googleapis.com:generateServiceIdentity [none]
[debug] [2025-10-15T20:09:44.859Z] >>> [apiv2][(partial)header] POST https://serviceusage.googleapis.com/v1beta1/projects/874779590659/services/eventarc.googleapis.com:generateServiceIdentity x-goog-quota-user=projects/874779590659
[debug] [2025-10-15T20:09:44.859Z] >>> [apiv2][body] POST https://serviceusage.googleapis.com/v1beta1/projects/874779590659/services/eventarc.googleapis.com:generateServiceIdentity {}
[debug] [2025-10-15T20:09:46.180Z] <<< [apiv2][status] POST https://serviceusage.googleapis.com/v1beta1/projects/874779590659/services/pubsub.googleapis.com:generateServiceIdentity 200
[debug] [2025-10-15T20:09:46.180Z] <<< [apiv2][body] POST https://serviceusage.googleapis.com/v1beta1/projects/874779590659/services/pubsub.googleapis.com:generateServiceIdentity {"name":"operations/finished.DONE_OPERATION","done":true,"response":{"@type":"type.googleapis.com/google.api.serviceusage.v1beta1.ServiceIdentity","email":"service-874779590659@gcp-sa-pubsub.iam.gserviceaccount.com","uniqueId":"112433231776885535364"}}
[debug] [2025-10-15T20:09:46.226Z] <<< [apiv2][status] POST https://serviceusage.googleapis.com/v1beta1/projects/874779590659/services/eventarc.googleapis.com:generateServiceIdentity 200
[debug] [2025-10-15T20:09:46.226Z] <<< [apiv2][body] POST https://serviceusage.googleapis.com/v1beta1/projects/874779590659/services/eventarc.googleapis.com:generateServiceIdentity {"name":"operations/finished.DONE_OPERATION","done":true,"response":{"@type":"type.googleapis.com/google.api.serviceusage.v1beta1.ServiceIdentity","email":"service-874779590659@gcp-sa-eventarc.iam.gserviceaccount.com","uniqueId":"102681031497736958050"}}
[debug] [2025-10-15T20:09:46.228Z] Checked if tokens are valid: true, expires at: 1760561679606
[debug] [2025-10-15T20:09:46.228Z] Checked if tokens are valid: true, expires at: 1760561679606
[debug] [2025-10-15T20:09:46.228Z] >>> [apiv2][query] GET https://cloudresourcemanager.googleapis.com/v1/projects/taskmaster-app-642b7 [none]
[debug] [2025-10-15T20:09:46.475Z] <<< [apiv2][status] GET https://cloudresourcemanager.googleapis.com/v1/projects/taskmaster-app-642b7 200
[debug] [2025-10-15T20:09:46.475Z] <<< [apiv2][body] GET https://cloudresourcemanager.googleapis.com/v1/projects/taskmaster-app-642b7 {"projectNumber":"874779590659","projectId":"taskmaster-app-642b7","lifecycleState":"ACTIVE","name":"taskmaster-app","labels":{"firebase":"enabled","firebase-core":"disabled"},"createTime":"2025-10-13T16:35:29.101919Z"}
[debug] [2025-10-15T20:09:46.475Z] Checked if tokens are valid: true, expires at: 1760561679606
[debug] [2025-10-15T20:09:46.475Z] Checked if tokens are valid: true, expires at: 1760561679606
[debug] [2025-10-15T20:09:46.475Z] >>> [apiv2][query] GET https://compute.googleapis.com/compute/v1/projects/874779590659 [none]
[debug] [2025-10-15T20:09:46.792Z] <<< [apiv2][status] GET https://compute.googleapis.com/compute/v1/projects/874779590659 403
[debug] [2025-10-15T20:09:46.792Z] <<< [apiv2][body] GET https://compute.googleapis.com/compute/v1/projects/874779590659 {"error":{"code":403,"message":"Compute Engine API has not been used in project 874779590659 before or it is disabled. Enable it by visiting https://console.developers.google.com/apis/api/compute.googleapis.com/overview?project=874779590659 then retry. If you enabled this API recently, wait a few minutes for the action to propagate to our systems and retry.","errors":[{"message":"Compute Engine API has not been used in project 874779590659 before or it is disabled. Enable it by visiting https://console.developers.google.com/apis/api/compute.googleapis.com/overview?project=874779590659 then retry. If you enabled this API recently, wait a few minutes for the action to propagate to our systems and retry.","domain":"usageLimits","reason":"accessNotConfigured","extendedHelp":"https://console.developers.google.com"}],"status":"PERMISSION_DENIED","details":[{"@type":"type.googleapis.com/google.rpc.ErrorInfo","reason":"SERVICE_DISABLED","domain":"googleapis.com","metadata":{"containerInfo":"874779590659","serviceTitle":"Compute Engine API","service":"compute.googleapis.com","activationUrl":"https://console.developers.google.com/apis/api/compute.googleapis.com/overview?project=874779590659","consumer":"projects/874779590659"}},{"@type":"type.googleapis.com/google.rpc.LocalizedMessage","locale":"en-US","message":"Compute Engine API has not been used in project 874779590659 before or it is disabled. Enable it by visiting https://console.developers.google.com/apis/api/compute.googleapis.com/overview?project=874779590659 then retry. If you enabled this API recently, wait a few minutes for the action to propagate to our systems and retry."},{"@type":"type.googleapis.com/google.rpc.Help","links":[{"description":"Google developers console API activation","url":"https://console.developers.google.com/apis/api/compute.googleapis.com/overview?project=874779590659"}]}]}}
[debug] [2025-10-15T20:09:46.793Z] unable to look up default compute service account. Falling back to 874779590659-compute@developer.gserviceaccount.com. Error: {"name":"FirebaseError","children":[],"context":{"body":{"error":{"code":403,"message":"Compute Engine API has not been used in project 874779590659 before or it is disabled. Enable it by visiting https://console.developers.google.com/apis/api/compute.googleapis.com/overview?project=874779590659 then retry. If you enabled this API recently, wait a few minutes for the action to propagate to our systems and retry.","errors":[{"message":"Compute Engine API has not been used in project 874779590659 before or it is disabled. Enable it by visiting https://console.developers.google.com/apis/api/compute.googleapis.com/overview?project=874779590659 then retry. If you enabled this API recently, wait a few minutes for the action to propagate to our systems and retry.","domain":"usageLimits","reason":"accessNotConfigured","extendedHelp":"https://console.developers.google.com"}],"status":"PERMISSION_DENIED","details":[{"@type":"type.googleapis.com/google.rpc.ErrorInfo","reason":"SERVICE_DISABLED","domain":"googleapis.com","metadata":{"containerInfo":"874779590659","serviceTitle":"Compute Engine API","service":"compute.googleapis.com","activationUrl":"https://console.developers.google.com/apis/api/compute.googleapis.com/overview?project=874779590659","consumer":"projects/874779590659"}},{"@type":"type.googleapis.com/google.rpc.LocalizedMessage","locale":"en-US","message":"Compute Engine API has not been used in project 874779590659 before or it is disabled. Enable it by visiting https://console.developers.google.com/apis/api/compute.googleapis.com/overview?project=874779590659 then retry. If you enabled this API recently, wait a few minutes for the action to propagate to our systems and retry."},{"@type":"type.googleapis.com/google.rpc.Help","links":[{"description":"Google developers console API activation","url":"https://console.developers.google.com/apis/api/compute.googleapis.com/overview?project=874779590659"}]}]}},"response":{"statusCode":403}},"exit":1,"message":"Request to https://compute.googleapis.com/compute/v1/projects/874779590659 had HTTP Error: 403, Compute Engine API has not been used in project 874779590659 before or it is disabled. Enable it by visiting https://console.developers.google.com/apis/api/compute.googleapis.com/overview?project=874779590659 then retry. If you enabled this API recently, wait a few minutes for the action to propagate to our systems and retry.","status":403}
[debug] [2025-10-15T20:09:46.794Z] Checked if tokens are valid: true, expires at: 1760561679606
[debug] [2025-10-15T20:09:46.794Z] Checked if tokens are valid: true, expires at: 1760561679606
[debug] [2025-10-15T20:09:46.794Z] >>> [apiv2][query] GET https://cloudbilling.googleapis.com/v1/projects/taskmaster-app-642b7/billingInfo [none]
[debug] [2025-10-15T20:09:47.918Z] <<< [apiv2][status] GET https://cloudbilling.googleapis.com/v1/projects/taskmaster-app-642b7/billingInfo 200
[debug] [2025-10-15T20:09:47.918Z] <<< [apiv2][body] GET https://cloudbilling.googleapis.com/v1/projects/taskmaster-app-642b7/billingInfo {"name":"projects/taskmaster-app-642b7/billingInfo","projectId":"taskmaster-app-642b7","billingAccountName":"billingAccounts/019D1E-41A78D-EDB390","billingEnabled":true}
[debug] [2025-10-15T20:09:47.920Z] Checked if tokens are valid: true, expires at: 1760561679606
[debug] [2025-10-15T20:09:47.920Z] Checked if tokens are valid: true, expires at: 1760561679606
[debug] [2025-10-15T20:09:47.920Z] >>> [apiv2][query] POST https://cloudfunctions.googleapis.com/v2/projects/taskmaster-app-642b7/locations/us-central1/functions:generateUploadUrl [none]
[debug] [2025-10-15T20:09:48.960Z] <<< [apiv2][status] POST https://cloudfunctions.googleapis.com/v2/projects/taskmaster-app-642b7/locations/us-central1/functions:generateUploadUrl 200
[debug] [2025-10-15T20:09:48.960Z] <<< [apiv2][body] POST https://cloudfunctions.googleapis.com/v2/projects/taskmaster-app-642b7/locations/us-central1/functions:generateUploadUrl {"uploadUrl":"https://storage.googleapis.com/gcf-v2-uploads-874779590659.us-central1.cloudfunctions.appspot.com/336c6f72-2b8e-437f-b5fb-d889f62afc3f.zip?GoogleAccessId=service-874779590659@gcf-admin-robot.iam.gserviceaccount.com&Expires=1760560789&Signature=SpCtT6HS49kN26MW04WUQXbJMUDFBZog2msp4%2ByPngkzIKpe7mZ1C2i6g43TBLGHVXXou7OX4UbBFXxliJdfALbp20JiqHAiWTbnjptwQp5LsTs1JBO5MrtpUEhIl1qHhVHKUQEr0x4rEnK18fepPQjR4B3CDeSwI6FK1FcNq1Sr9QVygB9cHfd8VLYvsGU2gsgYyiRTyXeIXBMurbfv6AbHDH1bXFyvy1jYqDRK8WmSHEQtmLFJGISZIb3vppWOCj4wxmUE91u9%2BcMnUa0uy56RzNABhU0vWBRoUChdzTHOO1nkjBy12zEQLDhWbhA7%2B6bsC0mqqEhoy%2FcKV2lPIw%3D%3D","storageSource":{"bucket":"gcf-v2-uploads-874779590659.us-central1.cloudfunctions.appspot.com","object":"336c6f72-2b8e-437f-b5fb-d889f62afc3f.zip"}}
[debug] [2025-10-15T20:09:48.960Z] >>> [apiv2][query] PUT https://storage.googleapis.com/gcf-v2-uploads-874779590659.us-central1.cloudfunctions.appspot.com/336c6f72-2b8e-437f-b5fb-d889f62afc3f.zip GoogleAccessId=service-874779590659%40gcf-admin-robot.iam.gserviceaccount.com&Expires=1760560789&Signature=SpCtT6HS49kN26MW04WUQXbJMUDFBZog2msp4%2ByPngkzIKpe7mZ1C2i6g43TBLGHVXXou7OX4UbBFXxliJdfALbp20JiqHAiWTbnjptwQp5LsTs1JBO5MrtpUEhIl1qHhVHKUQEr0x4rEnK18fepPQjR4B3CDeSwI6FK1FcNq1Sr9QVygB9cHfd8VLYvsGU2gsgYyiRTyXeIXBMurbfv6AbHDH1bXFyvy1jYqDRK8WmSHEQtmLFJGISZIb3vppWOCj4wxmUE91u9%2BcMnUa0uy56RzNABhU0vWBRoUChdzTHOO1nkjBy12zEQLDhWbhA7%2B6bsC0mqqEhoy%2FcKV2lPIw%3D%3D
[debug] [2025-10-15T20:09:48.960Z] >>> [apiv2][body] PUT https://storage.googleapis.com/gcf-v2-uploads-874779590659.us-central1.cloudfunctions.appspot.com/336c6f72-2b8e-437f-b5fb-d889f62afc3f.zip [stream]
[debug] [2025-10-15T20:09:50.692Z] <<< [apiv2][status] PUT https://storage.googleapis.com/gcf-v2-uploads-874779590659.us-central1.cloudfunctions.appspot.com/336c6f72-2b8e-437f-b5fb-d889f62afc3f.zip 200
[debug] [2025-10-15T20:09:50.692Z] <<< [apiv2][body] PUT https://storage.googleapis.com/gcf-v2-uploads-874779590659.us-central1.cloudfunctions.appspot.com/336c6f72-2b8e-437f-b5fb-d889f62afc3f.zip [omitted]
[info] +  functions: functions source uploaded successfully 
[info] i  functions: updating Node.js 18 (2nd Gen) function sendDeadlineReminders(us-central1)... 
[debug] [2025-10-15T20:09:50.696Z] Checked if tokens are valid: true, expires at: 1760561679606
[debug] [2025-10-15T20:09:50.697Z] Checked if tokens are valid: true, expires at: 1760561679606
[debug] [2025-10-15T20:09:50.697Z] >>> [apiv2][query] PATCH https://cloudfunctions.googleapis.com/v2/projects/taskmaster-app-642b7/locations/us-central1/functions/sendDeadlineReminders updateMask=name%2CbuildConfig.runtime%2CbuildConfig.entryPoint%2CbuildConfig.source.storageSource.bucket%2CbuildConfig.source.storageSource.object%2CbuildConfig.environmentVariables%2CbuildConfig.sourceToken%2CserviceConfig.environmentVariables%2CserviceConfig.ingressSettings%2CserviceConfig.timeoutSeconds%2CserviceConfig.serviceAccountEmail%2CserviceConfig.availableMemory%2CserviceConfig.minInstanceCount%2CserviceConfig.maxInstanceCount%2CserviceConfig.maxInstanceRequestConcurrency%2CserviceConfig.availableCpu%2CserviceConfig.vpcConnector%2CserviceConfig.vpcConnectorEgressSettings%2Clabels
[debug] [2025-10-15T20:09:50.697Z] >>> [apiv2][body] PATCH https://cloudfunctions.googleapis.com/v2/projects/taskmaster-app-642b7/locations/us-central1/functions/sendDeadlineReminders {"name":"projects/taskmaster-app-642b7/locations/us-central1/functions/sendDeadlineReminders","buildConfig":{"runtime":"nodejs18","entryPoint":"sendDeadlineReminders","source":{"storageSource":{"bucket":"gcf-v2-uploads-874779590659.us-central1.cloudfunctions.appspot.com","object":"336c6f72-2b8e-437f-b5fb-d889f62afc3f.zip"}},"environmentVariables":{"GOOGLE_NODE_RUN_SCRIPTS":""}},"serviceConfig":{"environmentVariables":{"FIREBASE_CONFIG":"{\"projectId\":\"taskmaster-app-642b7\",\"storageBucket\":\"taskmaster-app-642b7.firebasestorage.app\"}","GCLOUD_PROJECT":"taskmaster-app-642b7","EVENTARC_CLOUD_EVENT_SOURCE":"projects/taskmaster-app-642b7/locations/us-central1/services/sendDeadlineReminders","FUNCTION_TARGET":"sendDeadlineReminders","LOG_EXECUTION_ID":"true"},"ingressSettings":null,"timeoutSeconds":120,"serviceAccountEmail":null,"availableMemory":"512Mi","minInstanceCount":null,"maxInstanceCount":null,"maxInstanceRequestConcurrency":80,"availableCpu":"1","vpcConnector":null,"vpcConnectorEgressSettings":null},"labels":{"deployment-tool":"cli-firebase","deployment-scheduled":"true","firebase-functions-hash":"730e63c5f6d0588f3a1dd4bb5f26c4519e863d76"}}
[debug] [2025-10-15T20:09:52.431Z] <<< [apiv2][status] PATCH https://cloudfunctions.googleapis.com/v2/projects/taskmaster-app-642b7/locations/us-central1/functions/sendDeadlineReminders 200
[debug] [2025-10-15T20:09:52.432Z] <<< [apiv2][body] PATCH https://cloudfunctions.googleapis.com/v2/projects/taskmaster-app-642b7/locations/us-central1/functions/sendDeadlineReminders {"name":"projects/taskmaster-app-642b7/locations/us-central1/operations/operation-1760558992021-641381553565e-19742e43-23167fee","metadata":{"@type":"type.googleapis.com/google.cloud.functions.v2.OperationMetadata","createTime":"2025-10-15T20:09:52.756081966Z","target":"projects/taskmaster-app-642b7/locations/us-central1/functions/sendDeadlineReminders","verb":"update","cancelRequested":false,"apiVersion":"v2"},"done":false}
[debug] [2025-10-15T20:09:52.433Z] Checked if tokens are valid: true, expires at: 1760561679606
[debug] [2025-10-15T20:09:52.433Z] Checked if tokens are valid: true, expires at: 1760561679606
[debug] [2025-10-15T20:09:52.433Z] >>> [apiv2][query] GET https://cloudfunctions.googleapis.com/v2/projects/taskmaster-app-642b7/locations/us-central1/operations/operation-1760558992021-641381553565e-19742e43-23167fee [none]
[debug] [2025-10-15T20:09:53.409Z] <<< [apiv2][status] GET https://cloudfunctions.googleapis.com/v2/projects/taskmaster-app-642b7/locations/us-central1/operations/operation-1760558992021-641381553565e-19742e43-23167fee 200
[debug] [2025-10-15T20:09:53.410Z] <<< [apiv2][body] GET https://cloudfunctions.googleapis.com/v2/projects/taskmaster-app-642b7/locations/us-central1/operations/operation-1760558992021-641381553565e-19742e43-23167fee {"name":"projects/taskmaster-app-642b7/locations/us-central1/operations/operation-1760558992021-641381553565e-19742e43-23167fee","metadata":{"@type":"type.googleapis.com/google.cloud.functions.v2.OperationMetadata","createTime":"2025-10-15T20:09:52.756081966Z","target":"projects/taskmaster-app-642b7/locations/us-central1/functions/sendDeadlineReminders","verb":"update","cancelRequested":false,"apiVersion":"v2","requestResource":{"@type":"type.googleapis.com/google.cloud.functions.v2.Function","name":"projects/taskmaster-app-642b7/locations/us-central1/functions/sendDeadlineReminders","buildConfig":{"runtime":"nodejs18","entryPoint":"sendDeadlineReminders","source":{"storageSource":{"bucket":"gcf-v2-sources-874779590659-us-central1","object":"sendDeadlineReminders/function-source.zip","generation":"1760558992707418"}},"environmentVariables":{"GOOGLE_NODE_RUN_SCRIPTS":""},"dockerRepository":"projects/taskmaster-app-642b7/locations/us-central1/repositories/gcf-artifacts","serviceAccount":"projects/taskmaster-app-642b7/serviceAccounts/874779590659-compute@developer.gserviceaccount.com","automaticUpdatePolicy":{}},"serviceConfig":{"service":"projects/taskmaster-app-642b7/locations/us-central1/services/senddeadlinereminders","timeoutSeconds":120,"environmentVariables":{"FIREBASE_CONFIG":"{\"projectId\":\"taskmaster-app-642b7\",\"storageBucket\":\"taskmaster-app-642b7.firebasestorage.app\"}","GCLOUD_PROJECT":"taskmaster-app-642b7","EVENTARC_CLOUD_EVENT_SOURCE":"projects/taskmaster-app-642b7/locations/us-central1/services/sendDeadlineReminders","FUNCTION_TARGET":"sendDeadlineReminders","LOG_EXECUTION_ID":"true"},"ingressSettings":"ALLOW_ALL","uri":"https://senddeadlinereminders-qp3mnwknxq-uc.a.run.app","serviceAccountEmail":"874779590659-compute@developer.gserviceaccount.com","availableMemory":"512Mi","allTrafficOnLatestRevision":true,"revision":"senddeadlinereminders-00006-taf","maxInstanceRequestConcurrency":80,"availableCpu":"1"},"state":"ACTIVE","labels":{"deployment-tool":"cli-firebase","deployment-scheduled":"true","firebase-functions-hash":"730e63c5f6d0588f3a1dd4bb5f26c4519e863d76"},"environment":"GEN_2","url":"https://us-central1-taskmaster-app-642b7.cloudfunctions.net/sendDeadlineReminders","satisfiesPzi":true},"stages":[{"name":"BUILD","message":"Build in progress","state":"IN_PROGRESS","resource":"projects/874779590659/locations/us-central1/builds/58a8fac0-70f9-4995-a76f-b1ba5ae1d2f7","resourceUri":"https://console.cloud.google.com/cloud-build/builds;region=us-central1/58a8fac0-70f9-4995-a76f-b1ba5ae1d2f7?project=874779590659"},{"name":"SERVICE","state":"NOT_STARTED"}],"operationType":"UPDATE_FUNCTION","buildName":"projects/874779590659/locations/us-central1/builds/58a8fac0-70f9-4995-a76f-b1ba5ae1d2f7"},"done":false}
[debug] [2025-10-15T20:09:53.921Z] [update-default-us-central1-sendDeadlineReminders] Retrying task index 0
[debug] [2025-10-15T20:09:53.921Z] Checked if tokens are valid: true, expires at: 1760561679606
[debug] [2025-10-15T20:09:53.921Z] Checked if tokens are valid: true, expires at: 1760561679606
[debug] [2025-10-15T20:09:53.922Z] >>> [apiv2][query] GET https://cloudfunctions.googleapis.com/v2/projects/taskmaster-app-642b7/locations/us-central1/operations/operation-1760558992021-641381553565e-19742e43-23167fee [none]
[debug] [2025-10-15T20:09:54.898Z] <<< [apiv2][status] GET https://cloudfunctions.googleapis.com/v2/projects/taskmaster-app-642b7/locations/us-central1/operations/operation-1760558992021-641381553565e-19742e43-23167fee 200
[debug] [2025-10-15T20:09:54.898Z] <<< [apiv2][body] GET https://cloudfunctions.googleapis.com/v2/projects/taskmaster-app-642b7/locations/us-central1/operations/operation-1760558992021-641381553565e-19742e43-23167fee {"name":"projects/taskmaster-app-642b7/locations/us-central1/operations/operation-1760558992021-641381553565e-19742e43-23167fee","metadata":{"@type":"type.googleapis.com/google.cloud.functions.v2.OperationMetadata","createTime":"2025-10-15T20:09:52.756081966Z","target":"projects/taskmaster-app-642b7/locations/us-central1/functions/sendDeadlineReminders","verb":"update","cancelRequested":false,"apiVersion":"v2","requestResource":{"@type":"type.googleapis.com/google.cloud.functions.v2.Function","name":"projects/taskmaster-app-642b7/locations/us-central1/functions/sendDeadlineReminders","buildConfig":{"runtime":"nodejs18","entryPoint":"sendDeadlineReminders","source":{"storageSource":{"bucket":"gcf-v2-sources-874779590659-us-central1","object":"sendDeadlineReminders/function-source.zip","generation":"1760558992707418"}},"environmentVariables":{"GOOGLE_NODE_RUN_SCRIPTS":""},"dockerRepository":"projects/taskmaster-app-642b7/locations/us-central1/repositories/gcf-artifacts","serviceAccount":"projects/taskmaster-app-642b7/serviceAccounts/874779590659-compute@developer.gserviceaccount.com","automaticUpdatePolicy":{}},"serviceConfig":{"service":"projects/taskmaster-app-642b7/locations/us-central1/services/senddeadlinereminders","timeoutSeconds":120,"environmentVariables":{"FIREBASE_CONFIG":"{\"projectId\":\"taskmaster-app-642b7\",\"storageBucket\":\"taskmaster-app-642b7.firebasestorage.app\"}","GCLOUD_PROJECT":"taskmaster-app-642b7","EVENTARC_CLOUD_EVENT_SOURCE":"projects/taskmaster-app-642b7/locations/us-central1/services/sendDeadlineReminders","FUNCTION_TARGET":"sendDeadlineReminders","LOG_EXECUTION_ID":"true"},"ingressSettings":"ALLOW_ALL","uri":"https://senddeadlinereminders-qp3mnwknxq-uc.a.run.app","serviceAccountEmail":"874779590659-compute@developer.gserviceaccount.com","availableMemory":"512Mi","allTrafficOnLatestRevision":true,"revision":"senddeadlinereminders-00006-taf","maxInstanceRequestConcurrency":80,"availableCpu":"1"},"state":"ACTIVE","labels":{"deployment-tool":"cli-firebase","deployment-scheduled":"true","firebase-functions-hash":"730e63c5f6d0588f3a1dd4bb5f26c4519e863d76"},"environment":"GEN_2","url":"https://us-central1-taskmaster-app-642b7.cloudfunctions.net/sendDeadlineReminders","satisfiesPzi":true},"stages":[{"name":"BUILD","message":"Build in progress","state":"IN_PROGRESS","resource":"projects/874779590659/locations/us-central1/builds/58a8fac0-70f9-4995-a76f-b1ba5ae1d2f7","resourceUri":"https://console.cloud.google.com/cloud-build/builds;region=us-central1/58a8fac0-70f9-4995-a76f-b1ba5ae1d2f7?project=874779590659"},{"name":"SERVICE","state":"NOT_STARTED"}],"operationType":"UPDATE_FUNCTION","buildName":"projects/874779590659/locations/us-central1/builds/58a8fac0-70f9-4995-a76f-b1ba5ae1d2f7"},"done":false}
[debug] [2025-10-15T20:09:55.903Z] [update-default-us-central1-sendDeadlineReminders] Retrying task index 0
[debug] [2025-10-15T20:09:55.903Z] Checked if tokens are valid: true, expires at: 1760561679606
[debug] [2025-10-15T20:09:55.904Z] Checked if tokens are valid: true, expires at: 1760561679606
[debug] [2025-10-15T20:09:55.904Z] >>> [apiv2][query] GET https://cloudfunctions.googleapis.com/v2/projects/taskmaster-app-642b7/locations/us-central1/operations/operation-1760558992021-641381553565e-19742e43-23167fee [none]
[debug] [2025-10-15T20:09:56.876Z] <<< [apiv2][status] GET https://cloudfunctions.googleapis.com/v2/projects/taskmaster-app-642b7/locations/us-central1/operations/operation-1760558992021-641381553565e-19742e43-23167fee 200
[debug] [2025-10-15T20:09:56.876Z] <<< [apiv2][body] GET https://cloudfunctions.googleapis.com/v2/projects/taskmaster-app-642b7/locations/us-central1/operations/operation-1760558992021-641381553565e-19742e43-23167fee {"name":"projects/taskmaster-app-642b7/locations/us-central1/operations/operation-1760558992021-641381553565e-19742e43-23167fee","metadata":{"@type":"type.googleapis.com/google.cloud.functions.v2.OperationMetadata","createTime":"2025-10-15T20:09:52.756081966Z","target":"projects/taskmaster-app-642b7/locations/us-central1/functions/sendDeadlineReminders","verb":"update","cancelRequested":false,"apiVersion":"v2","requestResource":{"@type":"type.googleapis.com/google.cloud.functions.v2.Function","name":"projects/taskmaster-app-642b7/locations/us-central1/functions/sendDeadlineReminders","buildConfig":{"runtime":"nodejs18","entryPoint":"sendDeadlineReminders","source":{"storageSource":{"bucket":"gcf-v2-sources-874779590659-us-central1","object":"sendDeadlineReminders/function-source.zip","generation":"1760558992707418"}},"environmentVariables":{"GOOGLE_NODE_RUN_SCRIPTS":""},"dockerRepository":"projects/taskmaster-app-642b7/locations/us-central1/repositories/gcf-artifacts","serviceAccount":"projects/taskmaster-app-642b7/serviceAccounts/874779590659-compute@developer.gserviceaccount.com","automaticUpdatePolicy":{}},"serviceConfig":{"service":"projects/taskmaster-app-642b7/locations/us-central1/services/senddeadlinereminders","timeoutSeconds":120,"environmentVariables":{"FIREBASE_CONFIG":"{\"projectId\":\"taskmaster-app-642b7\",\"storageBucket\":\"taskmaster-app-642b7.firebasestorage.app\"}","GCLOUD_PROJECT":"taskmaster-app-642b7","EVENTARC_CLOUD_EVENT_SOURCE":"projects/taskmaster-app-642b7/locations/us-central1/services/sendDeadlineReminders","FUNCTION_TARGET":"sendDeadlineReminders","LOG_EXECUTION_ID":"true"},"ingressSettings":"ALLOW_ALL","uri":"https://senddeadlinereminders-qp3mnwknxq-uc.a.run.app","serviceAccountEmail":"874779590659-compute@developer.gserviceaccount.com","availableMemory":"512Mi","allTrafficOnLatestRevision":true,"revision":"senddeadlinereminders-00006-taf","maxInstanceRequestConcurrency":80,"availableCpu":"1"},"state":"ACTIVE","labels":{"deployment-tool":"cli-firebase","deployment-scheduled":"true","firebase-functions-hash":"730e63c5f6d0588f3a1dd4bb5f26c4519e863d76"},"environment":"GEN_2","url":"https://us-central1-taskmaster-app-642b7.cloudfunctions.net/sendDeadlineReminders","satisfiesPzi":true},"stages":[{"name":"BUILD","message":"Build in progress","state":"IN_PROGRESS","resource":"projects/874779590659/locations/us-central1/builds/58a8fac0-70f9-4995-a76f-b1ba5ae1d2f7","resourceUri":"https://console.cloud.google.com/cloud-build/builds;region=us-central1/58a8fac0-70f9-4995-a76f-b1ba5ae1d2f7?project=874779590659"},{"name":"SERVICE","state":"NOT_STARTED"}],"operationType":"UPDATE_FUNCTION","buildName":"projects/874779590659/locations/us-central1/builds/58a8fac0-70f9-4995-a76f-b1ba5ae1d2f7"},"done":false}
[debug] [2025-10-15T20:09:58.882Z] [update-default-us-central1-sendDeadlineReminders] Retrying task index 0
[debug] [2025-10-15T20:09:58.883Z] Checked if tokens are valid: true, expires at: 1760561679606
[debug] [2025-10-15T20:09:58.883Z] Checked if tokens are valid: true, expires at: 1760561679606
[debug] [2025-10-15T20:09:58.883Z] >>> [apiv2][query] GET https://cloudfunctions.googleapis.com/v2/projects/taskmaster-app-642b7/locations/us-central1/operations/operation-1760558992021-641381553565e-19742e43-23167fee [none]
[debug] [2025-10-15T20:09:59.940Z] <<< [apiv2][status] GET https://cloudfunctions.googleapis.com/v2/projects/taskmaster-app-642b7/locations/us-central1/operations/operation-1760558992021-641381553565e-19742e43-23167fee 200
[debug] [2025-10-15T20:09:59.941Z] <<< [apiv2][body] GET https://cloudfunctions.googleapis.com/v2/projects/taskmaster-app-642b7/locations/us-central1/operations/operation-1760558992021-641381553565e-19742e43-23167fee {"name":"projects/taskmaster-app-642b7/locations/us-central1/operations/operation-1760558992021-641381553565e-19742e43-23167fee","metadata":{"@type":"type.googleapis.com/google.cloud.functions.v2.OperationMetadata","createTime":"2025-10-15T20:09:52.756081966Z","target":"projects/taskmaster-app-642b7/locations/us-central1/functions/sendDeadlineReminders","verb":"update","cancelRequested":false,"apiVersion":"v2","requestResource":{"@type":"type.googleapis.com/google.cloud.functions.v2.Function","name":"projects/taskmaster-app-642b7/locations/us-central1/functions/sendDeadlineReminders","buildConfig":{"runtime":"nodejs18","entryPoint":"sendDeadlineReminders","source":{"storageSource":{"bucket":"gcf-v2-sources-874779590659-us-central1","object":"sendDeadlineReminders/function-source.zip","generation":"1760558992707418"}},"environmentVariables":{"GOOGLE_NODE_RUN_SCRIPTS":""},"dockerRepository":"projects/taskmaster-app-642b7/locations/us-central1/repositories/gcf-artifacts","serviceAccount":"projects/taskmaster-app-642b7/serviceAccounts/874779590659-compute@developer.gserviceaccount.com","automaticUpdatePolicy":{}},"serviceConfig":{"service":"projects/taskmaster-app-642b7/locations/us-central1/services/senddeadlinereminders","timeoutSeconds":120,"environmentVariables":{"FIREBASE_CONFIG":"{\"projectId\":\"taskmaster-app-642b7\",\"storageBucket\":\"taskmaster-app-642b7.firebasestorage.app\"}","GCLOUD_PROJECT":"taskmaster-app-642b7","EVENTARC_CLOUD_EVENT_SOURCE":"projects/taskmaster-app-642b7/locations/us-central1/services/sendDeadlineReminders","FUNCTION_TARGET":"sendDeadlineReminders","LOG_EXECUTION_ID":"true"},"ingressSettings":"ALLOW_ALL","uri":"https://senddeadlinereminders-qp3mnwknxq-uc.a.run.app","serviceAccountEmail":"874779590659-compute@developer.gserviceaccount.com","availableMemory":"512Mi","allTrafficOnLatestRevision":true,"revision":"senddeadlinereminders-00006-taf","maxInstanceRequestConcurrency":80,"availableCpu":"1"},"state":"ACTIVE","labels":{"deployment-tool":"cli-firebase","deployment-scheduled":"true","firebase-functions-hash":"730e63c5f6d0588f3a1dd4bb5f26c4519e863d76"},"environment":"GEN_2","url":"https://us-central1-taskmaster-app-642b7.cloudfunctions.net/sendDeadlineReminders","satisfiesPzi":true},"stages":[{"name":"BUILD","message":"Build in progress","state":"IN_PROGRESS","resource":"projects/874779590659/locations/us-central1/builds/58a8fac0-70f9-4995-a76f-b1ba5ae1d2f7","resourceUri":"https://console.cloud.google.com/cloud-build/builds;region=us-central1/58a8fac0-70f9-4995-a76f-b1ba5ae1d2f7?project=874779590659"},{"name":"SERVICE","state":"NOT_STARTED"}],"operationType":"UPDATE_FUNCTION","buildName":"projects/874779590659/locations/us-central1/builds/58a8fac0-70f9-4995-a76f-b1ba5ae1d2f7"},"done":false}
[debug] [2025-10-15T20:10:03.947Z] [update-default-us-central1-sendDeadlineReminders] Retrying task index 0
[debug] [2025-10-15T20:10:03.948Z] Checked if tokens are valid: true, expires at: 1760561679606
[debug] [2025-10-15T20:10:03.948Z] Checked if tokens are valid: true, expires at: 1760561679606
[debug] [2025-10-15T20:10:03.948Z] >>> [apiv2][query] GET https://cloudfunctions.googleapis.com/v2/projects/taskmaster-app-642b7/locations/us-central1/operations/operation-1760558992021-641381553565e-19742e43-23167fee [none]
[debug] [2025-10-15T20:10:04.922Z] <<< [apiv2][status] GET https://cloudfunctions.googleapis.com/v2/projects/taskmaster-app-642b7/locations/us-central1/operations/operation-1760558992021-641381553565e-19742e43-23167fee 200
[debug] [2025-10-15T20:10:04.922Z] <<< [apiv2][body] GET https://cloudfunctions.googleapis.com/v2/projects/taskmaster-app-642b7/locations/us-central1/operations/operation-1760558992021-641381553565e-19742e43-23167fee {"name":"projects/taskmaster-app-642b7/locations/us-central1/operations/operation-1760558992021-641381553565e-19742e43-23167fee","metadata":{"@type":"type.googleapis.com/google.cloud.functions.v2.OperationMetadata","createTime":"2025-10-15T20:09:52.756081966Z","target":"projects/taskmaster-app-642b7/locations/us-central1/functions/sendDeadlineReminders","verb":"update","cancelRequested":false,"apiVersion":"v2","requestResource":{"@type":"type.googleapis.com/google.cloud.functions.v2.Function","name":"projects/taskmaster-app-642b7/locations/us-central1/functions/sendDeadlineReminders","buildConfig":{"runtime":"nodejs18","entryPoint":"sendDeadlineReminders","source":{"storageSource":{"bucket":"gcf-v2-sources-874779590659-us-central1","object":"sendDeadlineReminders/function-source.zip","generation":"1760558992707418"}},"environmentVariables":{"GOOGLE_NODE_RUN_SCRIPTS":""},"dockerRepository":"projects/taskmaster-app-642b7/locations/us-central1/repositories/gcf-artifacts","serviceAccount":"projects/taskmaster-app-642b7/serviceAccounts/874779590659-compute@developer.gserviceaccount.com","automaticUpdatePolicy":{}},"serviceConfig":{"service":"projects/taskmaster-app-642b7/locations/us-central1/services/senddeadlinereminders","timeoutSeconds":120,"environmentVariables":{"FIREBASE_CONFIG":"{\"projectId\":\"taskmaster-app-642b7\",\"storageBucket\":\"taskmaster-app-642b7.firebasestorage.app\"}","GCLOUD_PROJECT":"taskmaster-app-642b7","EVENTARC_CLOUD_EVENT_SOURCE":"projects/taskmaster-app-642b7/locations/us-central1/services/sendDeadlineReminders","FUNCTION_TARGET":"sendDeadlineReminders","LOG_EXECUTION_ID":"true"},"ingressSettings":"ALLOW_ALL","uri":"https://senddeadlinereminders-qp3mnwknxq-uc.a.run.app","serviceAccountEmail":"874779590659-compute@developer.gserviceaccount.com","availableMemory":"512Mi","allTrafficOnLatestRevision":true,"revision":"senddeadlinereminders-00006-taf","maxInstanceRequestConcurrency":80,"availableCpu":"1"},"state":"ACTIVE","labels":{"deployment-tool":"cli-firebase","deployment-scheduled":"true","firebase-functions-hash":"730e63c5f6d0588f3a1dd4bb5f26c4519e863d76"},"environment":"GEN_2","url":"https://us-central1-taskmaster-app-642b7.cloudfunctions.net/sendDeadlineReminders","satisfiesPzi":true},"stages":[{"name":"BUILD","message":"Build in progress","state":"IN_PROGRESS","resource":"projects/874779590659/locations/us-central1/builds/58a8fac0-70f9-4995-a76f-b1ba5ae1d2f7","resourceUri":"https://console.cloud.google.com/cloud-build/builds;region=us-central1/58a8fac0-70f9-4995-a76f-b1ba5ae1d2f7?project=874779590659"},{"name":"SERVICE","state":"NOT_STARTED"}],"operationType":"UPDATE_FUNCTION","buildName":"projects/874779590659/locations/us-central1/builds/58a8fac0-70f9-4995-a76f-b1ba5ae1d2f7"},"done":false}
[debug] [2025-10-15T20:10:12.928Z] [update-default-us-central1-sendDeadlineReminders] Retrying task index 0
[debug] [2025-10-15T20:10:12.929Z] Checked if tokens are valid: true, expires at: 1760561679606
[debug] [2025-10-15T20:10:12.929Z] Checked if tokens are valid: true, expires at: 1760561679606
[debug] [2025-10-15T20:10:12.929Z] >>> [apiv2][query] GET https://cloudfunctions.googleapis.com/v2/projects/taskmaster-app-642b7/locations/us-central1/operations/operation-1760558992021-641381553565e-19742e43-23167fee [none]
[debug] [2025-10-15T20:10:14.077Z] <<< [apiv2][status] GET https://cloudfunctions.googleapis.com/v2/projects/taskmaster-app-642b7/locations/us-central1/operations/operation-1760558992021-641381553565e-19742e43-23167fee 200
[debug] [2025-10-15T20:10:14.077Z] <<< [apiv2][body] GET https://cloudfunctions.googleapis.com/v2/projects/taskmaster-app-642b7/locations/us-central1/operations/operation-1760558992021-641381553565e-19742e43-23167fee {"name":"projects/taskmaster-app-642b7/locations/us-central1/operations/operation-1760558992021-641381553565e-19742e43-23167fee","metadata":{"@type":"type.googleapis.com/google.cloud.functions.v2.OperationMetadata","createTime":"2025-10-15T20:09:52.756081966Z","target":"projects/taskmaster-app-642b7/locations/us-central1/functions/sendDeadlineReminders","verb":"update","cancelRequested":false,"apiVersion":"v2","requestResource":{"@type":"type.googleapis.com/google.cloud.functions.v2.Function","name":"projects/taskmaster-app-642b7/locations/us-central1/functions/sendDeadlineReminders","buildConfig":{"runtime":"nodejs18","entryPoint":"sendDeadlineReminders","source":{"storageSource":{"bucket":"gcf-v2-sources-874779590659-us-central1","object":"sendDeadlineReminders/function-source.zip","generation":"1760558992707418"}},"environmentVariables":{"GOOGLE_NODE_RUN_SCRIPTS":""},"dockerRepository":"projects/taskmaster-app-642b7/locations/us-central1/repositories/gcf-artifacts","serviceAccount":"projects/taskmaster-app-642b7/serviceAccounts/874779590659-compute@developer.gserviceaccount.com","automaticUpdatePolicy":{}},"serviceConfig":{"service":"projects/taskmaster-app-642b7/locations/us-central1/services/senddeadlinereminders","timeoutSeconds":120,"environmentVariables":{"FIREBASE_CONFIG":"{\"projectId\":\"taskmaster-app-642b7\",\"storageBucket\":\"taskmaster-app-642b7.firebasestorage.app\"}","GCLOUD_PROJECT":"taskmaster-app-642b7","EVENTARC_CLOUD_EVENT_SOURCE":"projects/taskmaster-app-642b7/locations/us-central1/services/sendDeadlineReminders","FUNCTION_TARGET":"sendDeadlineReminders","LOG_EXECUTION_ID":"true"},"ingressSettings":"ALLOW_ALL","uri":"https://senddeadlinereminders-qp3mnwknxq-uc.a.run.app","serviceAccountEmail":"874779590659-compute@developer.gserviceaccount.com","availableMemory":"512Mi","allTrafficOnLatestRevision":true,"revision":"senddeadlinereminders-00006-taf","maxInstanceRequestConcurrency":80,"availableCpu":"1"},"state":"ACTIVE","labels":{"deployment-tool":"cli-firebase","deployment-scheduled":"true","firebase-functions-hash":"730e63c5f6d0588f3a1dd4bb5f26c4519e863d76"},"environment":"GEN_2","url":"https://us-central1-taskmaster-app-642b7.cloudfunctions.net/sendDeadlineReminders","satisfiesPzi":true},"stages":[{"name":"BUILD","message":"Build in progress","state":"IN_PROGRESS","resource":"projects/874779590659/locations/us-central1/builds/58a8fac0-70f9-4995-a76f-b1ba5ae1d2f7","resourceUri":"https://console.cloud.google.com/cloud-build/builds;region=us-central1/58a8fac0-70f9-4995-a76f-b1ba5ae1d2f7?project=874779590659"},{"name":"SERVICE","state":"NOT_STARTED"}],"operationType":"UPDATE_FUNCTION","buildName":"projects/874779590659/locations/us-central1/builds/58a8fac0-70f9-4995-a76f-b1ba5ae1d2f7"},"done":false}
[debug] [2025-10-15T20:10:24.081Z] [update-default-us-central1-sendDeadlineReminders] Retrying task index 0
[debug] [2025-10-15T20:10:24.082Z] Checked if tokens are valid: true, expires at: 1760561679606
[debug] [2025-10-15T20:10:24.082Z] Checked if tokens are valid: true, expires at: 1760561679606
[debug] [2025-10-15T20:10:24.082Z] >>> [apiv2][query] GET https://cloudfunctions.googleapis.com/v2/projects/taskmaster-app-642b7/locations/us-central1/operations/operation-1760558992021-641381553565e-19742e43-23167fee [none]
[debug] [2025-10-15T20:10:25.127Z] <<< [apiv2][status] GET https://cloudfunctions.googleapis.com/v2/projects/taskmaster-app-642b7/locations/us-central1/operations/operation-1760558992021-641381553565e-19742e43-23167fee 200
[debug] [2025-10-15T20:10:25.128Z] <<< [apiv2][body] GET https://cloudfunctions.googleapis.com/v2/projects/taskmaster-app-642b7/locations/us-central1/operations/operation-1760558992021-641381553565e-19742e43-23167fee {"name":"projects/taskmaster-app-642b7/locations/us-central1/operations/operation-1760558992021-641381553565e-19742e43-23167fee","metadata":{"@type":"type.googleapis.com/google.cloud.functions.v2.OperationMetadata","createTime":"2025-10-15T20:09:52.756081966Z","target":"projects/taskmaster-app-642b7/locations/us-central1/functions/sendDeadlineReminders","verb":"update","cancelRequested":false,"apiVersion":"v2","requestResource":{"@type":"type.googleapis.com/google.cloud.functions.v2.Function","name":"projects/taskmaster-app-642b7/locations/us-central1/functions/sendDeadlineReminders","buildConfig":{"runtime":"nodejs18","entryPoint":"sendDeadlineReminders","source":{"storageSource":{"bucket":"gcf-v2-sources-874779590659-us-central1","object":"sendDeadlineReminders/function-source.zip","generation":"1760558992707418"}},"environmentVariables":{"GOOGLE_NODE_RUN_SCRIPTS":""},"dockerRepository":"projects/taskmaster-app-642b7/locations/us-central1/repositories/gcf-artifacts","serviceAccount":"projects/taskmaster-app-642b7/serviceAccounts/874779590659-compute@developer.gserviceaccount.com","automaticUpdatePolicy":{}},"serviceConfig":{"service":"projects/taskmaster-app-642b7/locations/us-central1/services/senddeadlinereminders","timeoutSeconds":120,"environmentVariables":{"FIREBASE_CONFIG":"{\"projectId\":\"taskmaster-app-642b7\",\"storageBucket\":\"taskmaster-app-642b7.firebasestorage.app\"}","GCLOUD_PROJECT":"taskmaster-app-642b7","EVENTARC_CLOUD_EVENT_SOURCE":"projects/taskmaster-app-642b7/locations/us-central1/services/sendDeadlineReminders","FUNCTION_TARGET":"sendDeadlineReminders","LOG_EXECUTION_ID":"true"},"ingressSettings":"ALLOW_ALL","uri":"https://senddeadlinereminders-qp3mnwknxq-uc.a.run.app","serviceAccountEmail":"874779590659-compute@developer.gserviceaccount.com","availableMemory":"512Mi","allTrafficOnLatestRevision":true,"revision":"senddeadlinereminders-00006-taf","maxInstanceRequestConcurrency":80,"availableCpu":"1"},"state":"ACTIVE","labels":{"deployment-tool":"cli-firebase","deployment-scheduled":"true","firebase-functions-hash":"730e63c5f6d0588f3a1dd4bb5f26c4519e863d76"},"environment":"GEN_2","url":"https://us-central1-taskmaster-app-642b7.cloudfunctions.net/sendDeadlineReminders","satisfiesPzi":true},"stages":[{"name":"BUILD","message":"Build in progress","state":"IN_PROGRESS","resource":"projects/874779590659/locations/us-central1/builds/58a8fac0-70f9-4995-a76f-b1ba5ae1d2f7","resourceUri":"https://console.cloud.google.com/cloud-build/builds;region=us-central1/58a8fac0-70f9-4995-a76f-b1ba5ae1d2f7?project=874779590659"},{"name":"SERVICE","state":"NOT_STARTED"}],"operationType":"UPDATE_FUNCTION","buildName":"projects/874779590659/locations/us-central1/builds/58a8fac0-70f9-4995-a76f-b1ba5ae1d2f7"},"done":false}
[debug] [2025-10-15T20:10:35.143Z] [update-default-us-central1-sendDeadlineReminders] Retrying task index 0
[debug] [2025-10-15T20:10:35.143Z] Checked if tokens are valid: true, expires at: 1760561679606
[debug] [2025-10-15T20:10:35.144Z] Checked if tokens are valid: true, expires at: 1760561679606
[debug] [2025-10-15T20:10:35.144Z] >>> [apiv2][query] GET https://cloudfunctions.googleapis.com/v2/projects/taskmaster-app-642b7/locations/us-central1/operations/operation-1760558992021-641381553565e-19742e43-23167fee [none]
[debug] [2025-10-15T20:10:36.221Z] <<< [apiv2][status] GET https://cloudfunctions.googleapis.com/v2/projects/taskmaster-app-642b7/locations/us-central1/operations/operation-1760558992021-641381553565e-19742e43-23167fee 200
[debug] [2025-10-15T20:10:36.221Z] <<< [apiv2][body] GET https://cloudfunctions.googleapis.com/v2/projects/taskmaster-app-642b7/locations/us-central1/operations/operation-1760558992021-641381553565e-19742e43-23167fee {"name":"projects/taskmaster-app-642b7/locations/us-central1/operations/operation-1760558992021-641381553565e-19742e43-23167fee","metadata":{"@type":"type.googleapis.com/google.cloud.functions.v2.OperationMetadata","createTime":"2025-10-15T20:09:52.756081966Z","target":"projects/taskmaster-app-642b7/locations/us-central1/functions/sendDeadlineReminders","verb":"update","cancelRequested":false,"apiVersion":"v2","requestResource":{"@type":"type.googleapis.com/google.cloud.functions.v2.Function","name":"projects/taskmaster-app-642b7/locations/us-central1/functions/sendDeadlineReminders","buildConfig":{"runtime":"nodejs18","entryPoint":"sendDeadlineReminders","source":{"storageSource":{"bucket":"gcf-v2-sources-874779590659-us-central1","object":"sendDeadlineReminders/function-source.zip","generation":"1760558992707418"}},"environmentVariables":{"GOOGLE_NODE_RUN_SCRIPTS":""},"dockerRepository":"projects/taskmaster-app-642b7/locations/us-central1/repositories/gcf-artifacts","serviceAccount":"projects/taskmaster-app-642b7/serviceAccounts/874779590659-compute@developer.gserviceaccount.com","automaticUpdatePolicy":{}},"serviceConfig":{"service":"projects/taskmaster-app-642b7/locations/us-central1/services/senddeadlinereminders","timeoutSeconds":120,"environmentVariables":{"FIREBASE_CONFIG":"{\"projectId\":\"taskmaster-app-642b7\",\"storageBucket\":\"taskmaster-app-642b7.firebasestorage.app\"}","GCLOUD_PROJECT":"taskmaster-app-642b7","EVENTARC_CLOUD_EVENT_SOURCE":"projects/taskmaster-app-642b7/locations/us-central1/services/sendDeadlineReminders","FUNCTION_TARGET":"sendDeadlineReminders","LOG_EXECUTION_ID":"true"},"ingressSettings":"ALLOW_ALL","uri":"https://senddeadlinereminders-qp3mnwknxq-uc.a.run.app","serviceAccountEmail":"874779590659-compute@developer.gserviceaccount.com","availableMemory":"512Mi","allTrafficOnLatestRevision":true,"revision":"senddeadlinereminders-00006-taf","maxInstanceRequestConcurrency":80,"availableCpu":"1"},"state":"ACTIVE","labels":{"deployment-tool":"cli-firebase","deployment-scheduled":"true","firebase-functions-hash":"730e63c5f6d0588f3a1dd4bb5f26c4519e863d76"},"environment":"GEN_2","url":"https://us-central1-taskmaster-app-642b7.cloudfunctions.net/sendDeadlineReminders","satisfiesPzi":true},"stages":[{"name":"BUILD","message":"Build in progress","state":"IN_PROGRESS","resource":"projects/874779590659/locations/us-central1/builds/58a8fac0-70f9-4995-a76f-b1ba5ae1d2f7","resourceUri":"https://console.cloud.google.com/cloud-build/builds;region=us-central1/58a8fac0-70f9-4995-a76f-b1ba5ae1d2f7?project=874779590659"},{"name":"SERVICE","state":"NOT_STARTED"}],"operationType":"UPDATE_FUNCTION","buildName":"projects/874779590659/locations/us-central1/builds/58a8fac0-70f9-4995-a76f-b1ba5ae1d2f7"},"done":false}
[debug] [2025-10-15T20:10:46.228Z] [update-default-us-central1-sendDeadlineReminders] Retrying task index 0
[debug] [2025-10-15T20:10:46.228Z] Checked if tokens are valid: true, expires at: 1760561679606
[debug] [2025-10-15T20:10:46.228Z] Checked if tokens are valid: true, expires at: 1760561679606
[debug] [2025-10-15T20:10:46.229Z] >>> [apiv2][query] GET https://cloudfunctions.googleapis.com/v2/projects/taskmaster-app-642b7/locations/us-central1/operations/operation-1760558992021-641381553565e-19742e43-23167fee [none]
[debug] [2025-10-15T20:10:47.306Z] <<< [apiv2][status] GET https://cloudfunctions.googleapis.com/v2/projects/taskmaster-app-642b7/locations/us-central1/operations/operation-1760558992021-641381553565e-19742e43-23167fee 200
[debug] [2025-10-15T20:10:47.306Z] <<< [apiv2][body] GET https://cloudfunctions.googleapis.com/v2/projects/taskmaster-app-642b7/locations/us-central1/operations/operation-1760558992021-641381553565e-19742e43-23167fee {"name":"projects/taskmaster-app-642b7/locations/us-central1/operations/operation-1760558992021-641381553565e-19742e43-23167fee","metadata":{"@type":"type.googleapis.com/google.cloud.functions.v2.OperationMetadata","createTime":"2025-10-15T20:09:52.756081966Z","target":"projects/taskmaster-app-642b7/locations/us-central1/functions/sendDeadlineReminders","verb":"update","cancelRequested":false,"apiVersion":"v2","requestResource":{"@type":"type.googleapis.com/google.cloud.functions.v2.Function","name":"projects/taskmaster-app-642b7/locations/us-central1/functions/sendDeadlineReminders","buildConfig":{"runtime":"nodejs18","entryPoint":"sendDeadlineReminders","source":{"storageSource":{"bucket":"gcf-v2-sources-874779590659-us-central1","object":"sendDeadlineReminders/function-source.zip","generation":"1760558992707418"}},"environmentVariables":{"GOOGLE_NODE_RUN_SCRIPTS":""},"dockerRepository":"projects/taskmaster-app-642b7/locations/us-central1/repositories/gcf-artifacts","serviceAccount":"projects/taskmaster-app-642b7/serviceAccounts/874779590659-compute@developer.gserviceaccount.com","automaticUpdatePolicy":{}},"serviceConfig":{"service":"projects/taskmaster-app-642b7/locations/us-central1/services/senddeadlinereminders","timeoutSeconds":120,"environmentVariables":{"FIREBASE_CONFIG":"{\"projectId\":\"taskmaster-app-642b7\",\"storageBucket\":\"taskmaster-app-642b7.firebasestorage.app\"}","GCLOUD_PROJECT":"taskmaster-app-642b7","EVENTARC_CLOUD_EVENT_SOURCE":"projects/taskmaster-app-642b7/locations/us-central1/services/sendDeadlineReminders","FUNCTION_TARGET":"sendDeadlineReminders","LOG_EXECUTION_ID":"true"},"ingressSettings":"ALLOW_ALL","uri":"https://senddeadlinereminders-qp3mnwknxq-uc.a.run.app","serviceAccountEmail":"874779590659-compute@developer.gserviceaccount.com","availableMemory":"512Mi","allTrafficOnLatestRevision":true,"revision":"senddeadlinereminders-00006-taf","maxInstanceRequestConcurrency":80,"availableCpu":"1"},"state":"ACTIVE","labels":{"deployment-tool":"cli-firebase","deployment-scheduled":"true","firebase-functions-hash":"730e63c5f6d0588f3a1dd4bb5f26c4519e863d76"},"environment":"GEN_2","url":"https://us-central1-taskmaster-app-642b7.cloudfunctions.net/sendDeadlineReminders","satisfiesPzi":true},"stages":[{"name":"BUILD","message":"Build finished","state":"COMPLETE","resource":"projects/874779590659/locations/us-central1/builds/58a8fac0-70f9-4995-a76f-b1ba5ae1d2f7","resourceUri":"https://console.cloud.google.com/cloud-build/builds;region=us-central1/58a8fac0-70f9-4995-a76f-b1ba5ae1d2f7?project=874779590659"},{"name":"SERVICE","message":"Updating Cloud Run service","state":"IN_PROGRESS","resource":"projects/taskmaster-app-642b7/locations/us-central1/services/senddeadlinereminders","resourceUri":"https://console.cloud.google.com/run/detail/us-central1/senddeadlinereminders?project=taskmaster-app-642b7","stateMessages":[{"severity":"INFO","type":"CloudRunServiceNewRevisionTrafficInfo","message":"A new revision will be deployed serving with 100% traffic."}]}],"sourceToken":"Cldwcm9qZWN0cy84NzQ3Nzk1OTA2NTkvbG9jYXRpb25zL3VzLWNlbnRyYWwxL2J1aWxkcy81OGE4ZmFjMC03MGY5LTQ5OTUtYTc2Zi1iMWJhNWFlMWQyZjcShQF1cy1jZW50cmFsMS1kb2NrZXIucGtnLmRldi90YXNrbWFzdGVyLWFwcC02NDJiNy9nY2YtYXJ0aWZhY3RzL3Rhc2ttYXN0ZXItLWFwcC0tNjQyYjdfX3VzLS1jZW50cmFsMV9fc2VuZF9kZWFkbGluZV9yZW1pbmRlcnM6dmVyc2lvbl8xGIOAtee6GSJTcHJvamVjdHMvdGFza21hc3Rlci1hcHAtNjQyYjcvbG9jYXRpb25zL3VzLWNlbnRyYWwxL2Z1bmN0aW9ucy9zZW5kRGVhZGxpbmVSZW1pbmRlcnMqDAi+/7/HBhDgmbjhATIIbm9kZWpzMTg6dgojZ2NyLmlvL2dhZS1ydW50aW1lcy9ub2RlanMxODpzdGFibGUST3VzLWNlbnRyYWwxLWRvY2tlci5wa2cuZGV2L3NlcnZlcmxlc3MtcnVudGltZXMvZ29vZ2xlLTIyLWZ1bGwvcnVudGltZXMvbm9kZWpzMThAAQ==","operationType":"UPDATE_FUNCTION","buildName":"projects/874779590659/locations/us-central1/builds/58a8fac0-70f9-4995-a76f-b1ba5ae1d2f7"},"done":false}
[debug] [2025-10-15T20:10:47.306Z] Got source token Cldwcm9qZWN0cy84NzQ3Nzk1OTA2NTkvbG9jYXRpb25zL3VzLWNlbnRyYWwxL2J1aWxkcy81OGE4ZmFjMC03MGY5LTQ5OTUtYTc2Zi1iMWJhNWFlMWQyZjcShQF1cy1jZW50cmFsMS1kb2NrZXIucGtnLmRldi90YXNrbWFzdGVyLWFwcC02NDJiNy9nY2YtYXJ0aWZhY3RzL3Rhc2ttYXN0ZXItLWFwcC0tNjQyYjdfX3VzLS1jZW50cmFsMV9fc2VuZF9kZWFkbGluZV9yZW1pbmRlcnM6dmVyc2lvbl8xGIOAtee6GSJTcHJvamVjdHMvdGFza21hc3Rlci1hcHAtNjQyYjcvbG9jYXRpb25zL3VzLWNlbnRyYWwxL2Z1bmN0aW9ucy9zZW5kRGVhZGxpbmVSZW1pbmRlcnMqDAi+/7/HBhDgmbjhATIIbm9kZWpzMTg6dgojZ2NyLmlvL2dhZS1ydW50aW1lcy9ub2RlanMxODpzdGFibGUST3VzLWNlbnRyYWwxLWRvY2tlci5wa2cuZGV2L3NlcnZlcmxlc3MtcnVudGltZXMvZ29vZ2xlLTIyLWZ1bGwvcnVudGltZXMvbm9kZWpzMThAAQ== for region us-central1
[debug] [2025-10-15T20:10:57.320Z] [update-default-us-central1-sendDeadlineReminders] Retrying task index 0
[debug] [2025-10-15T20:10:57.321Z] Checked if tokens are valid: true, expires at: 1760561679606
[debug] [2025-10-15T20:10:57.321Z] Checked if tokens are valid: true, expires at: 1760561679606
[debug] [2025-10-15T20:10:57.321Z] >>> [apiv2][query] GET https://cloudfunctions.googleapis.com/v2/projects/taskmaster-app-642b7/locations/us-central1/operations/operation-1760558992021-641381553565e-19742e43-23167fee [none]
[debug] [2025-10-15T20:10:58.376Z] <<< [apiv2][status] GET https://cloudfunctions.googleapis.com/v2/projects/taskmaster-app-642b7/locations/us-central1/operations/operation-1760558992021-641381553565e-19742e43-23167fee 200
[debug] [2025-10-15T20:10:58.376Z] <<< [apiv2][body] GET https://cloudfunctions.googleapis.com/v2/projects/taskmaster-app-642b7/locations/us-central1/operations/operation-1760558992021-641381553565e-19742e43-23167fee {"name":"projects/taskmaster-app-642b7/locations/us-central1/operations/operation-1760558992021-641381553565e-19742e43-23167fee","metadata":{"@type":"type.googleapis.com/google.cloud.functions.v2.OperationMetadata","createTime":"2025-10-15T20:09:52.756081966Z","endTime":"2025-10-15T20:10:51.249591334Z","target":"projects/taskmaster-app-642b7/locations/us-central1/functions/sendDeadlineReminders","verb":"update","cancelRequested":false,"apiVersion":"v2","requestResource":{"@type":"type.googleapis.com/google.cloud.functions.v2.Function","name":"projects/taskmaster-app-642b7/locations/us-central1/functions/sendDeadlineReminders","buildConfig":{"runtime":"nodejs18","entryPoint":"sendDeadlineReminders","source":{"storageSource":{"bucket":"gcf-v2-sources-874779590659-us-central1","object":"sendDeadlineReminders/function-source.zip","generation":"1760558992707418"}},"environmentVariables":{"GOOGLE_NODE_RUN_SCRIPTS":""},"dockerRepository":"projects/taskmaster-app-642b7/locations/us-central1/repositories/gcf-artifacts","serviceAccount":"projects/taskmaster-app-642b7/serviceAccounts/874779590659-compute@developer.gserviceaccount.com","automaticUpdatePolicy":{}},"serviceConfig":{"service":"projects/taskmaster-app-642b7/locations/us-central1/services/senddeadlinereminders","timeoutSeconds":120,"environmentVariables":{"FIREBASE_CONFIG":"{\"projectId\":\"taskmaster-app-642b7\",\"storageBucket\":\"taskmaster-app-642b7.firebasestorage.app\"}","GCLOUD_PROJECT":"taskmaster-app-642b7","EVENTARC_CLOUD_EVENT_SOURCE":"projects/taskmaster-app-642b7/locations/us-central1/services/sendDeadlineReminders","FUNCTION_TARGET":"sendDeadlineReminders","LOG_EXECUTION_ID":"true"},"ingressSettings":"ALLOW_ALL","uri":"https://senddeadlinereminders-qp3mnwknxq-uc.a.run.app","serviceAccountEmail":"874779590659-compute@developer.gserviceaccount.com","availableMemory":"512Mi","allTrafficOnLatestRevision":true,"revision":"senddeadlinereminders-00006-taf","maxInstanceRequestConcurrency":80,"availableCpu":"1"},"state":"ACTIVE","labels":{"deployment-tool":"cli-firebase","deployment-scheduled":"true","firebase-functions-hash":"730e63c5f6d0588f3a1dd4bb5f26c4519e863d76"},"environment":"GEN_2","url":"https://us-central1-taskmaster-app-642b7.cloudfunctions.net/sendDeadlineReminders","satisfiesPzi":true},"stages":[{"name":"SERVICE","state":"NOT_STARTED"}],"operationType":"UPDATE_FUNCTION"},"done":true,"error":{"code":3,"message":"Could not create or update Cloud Run service senddeadlinereminders, Container Healthcheck failed. Revision 'senddeadlinereminders-00007-jat' is not ready and cannot serve traffic. The user-provided container failed to start and listen on the port defined provided by the PORT=8080 environment variable within the allocated timeout. This can happen when the container port is misconfigured or if the timeout is too short. The health check timeout can be extended. Logs for this revision might contain more information.\n\nLogs URL: https://console.cloud.google.com/logs/viewer?project=taskmaster-app-642b7&resource=cloud_run_revision/service_name/senddeadlinereminders/revision_name/senddeadlinereminders-00007-jat&advancedFilter=resource.type%3D%22cloud_run_revision%22%0Aresource.labels.service_name%3D%22senddeadlinereminders%22%0Aresource.labels.revision_name%3D%22senddeadlinereminders-00007-jat%22 \nFor more troubleshooting guidance, see https://cloud.google.com/run/docs/troubleshooting#container-failed-to-start"}}
[debug] [2025-10-15T20:10:58.376Z] Got source token undefined for region us-central1
[error] Could not create or update Cloud Run service senddeadlinereminders, Container Healthcheck failed. Revision 'senddeadlinereminders-00007-jat' is not ready and cannot serve traffic. The user-provided container failed to start and listen on the port defined provided by the PORT=8080 environment variable within the allocated timeout. This can happen when the container port is misconfigured or if the timeout is too short. The health check timeout can be extended. Logs for this revision might contain more information.

Logs URL: https://console.cloud.google.com/logs/viewer?project=taskmaster-app-642b7&resource=cloud_run_revision/service_name/senddeadlinereminders/revision_name/senddeadlinereminders-00007-jat&advancedFilter=resource.type%3D%22cloud_run_revision%22%0Aresource.labels.service_name%3D%22senddeadlinereminders%22%0Aresource.labels.revision_name%3D%22senddeadlinereminders-00007-jat%22 
For more troubleshooting guidance, see https://cloud.google.com/run/docs/troubleshooting#container-failed-to-start
[debug] [2025-10-15T20:10:58.381Z] Total Function Deployment time: 67681
[debug] [2025-10-15T20:10:58.381Z] 1 Functions Deployed
[debug] [2025-10-15T20:10:58.381Z] 1 Functions Errored
[debug] [2025-10-15T20:10:58.381Z] 0 Function Deployments Aborted
[debug] [2025-10-15T20:10:58.381Z] Average Function Deployment time: 67681
[info] 
[info] Functions deploy had errors with the following functions:
	sendDeadlineReminders(us-central1)
[debug] [2025-10-15T20:10:58.527Z] Checked if tokens are valid: true, expires at: 1760561679606
[debug] [2025-10-15T20:10:58.527Z] Checked if tokens are valid: true, expires at: 1760561679606
[debug] [2025-10-15T20:10:58.527Z] >>> [apiv2][query] GET https://artifactregistry.googleapis.com/v1/projects/taskmaster-app-642b7/locations/us-central1/repositories/gcf-artifacts [none]
[debug] [2025-10-15T20:10:59.620Z] <<< [apiv2][status] GET https://artifactregistry.googleapis.com/v1/projects/taskmaster-app-642b7/locations/us-central1/repositories/gcf-artifacts 200
[debug] [2025-10-15T20:10:59.620Z] <<< [apiv2][body] GET https://artifactregistry.googleapis.com/v1/projects/taskmaster-app-642b7/locations/us-central1/repositories/gcf-artifacts {"name":"projects/taskmaster-app-642b7/locations/us-central1/repositories/gcf-artifacts","format":"DOCKER","description":"This repository is created and used by Cloud Functions for storing function docker images.","labels":{"goog-managed-by":"cloudfunctions"},"createTime":"2025-10-15T18:39:27.466730Z","updateTime":"2025-10-15T20:10:22.384836Z","mode":"STANDARD_REPOSITORY","cleanupPolicies":{"firebase-functions-cleanup":{"id":"firebase-functions-cleanup","action":"DELETE","condition":{"tagState":"ANY","olderThan":"2592000s"}}},"sizeBytes":"147573959","vulnerabilityScanningConfig":{"lastEnableTime":"2025-10-15T18:39:16.365366547Z","enablementState":"SCANNING_DISABLED","enablementStateReason":"API containerscanning.googleapis.com is not enabled."},"satisfiesPzi":true,"registryUri":"us-central1-docker.pkg.dev/taskmaster-app-642b7/gcf-artifacts"}
[debug] [2025-10-15T20:10:59.620Z] Functions deploy failed.
[debug] [2025-10-15T20:10:59.620Z] {
  "endpoint": {
    "id": "sendDeadlineReminders",
    "project": "taskmaster-app-642b7",
    "region": "us-central1",
    "entryPoint": "sendDeadlineReminders",
    "platform": "gcfv2",
    "runtime": "nodejs18",
    "scheduleTrigger": {
      "schedule": "every 10 minutes",
      "timeZone": "Asia/Manila",
      "retryConfig": {}
    },
    "labels": {
      "deployment-tool": "cli-firebase"
    },
    "serviceAccount": null,
    "ingressSettings": null,
    "availableMemoryMb": 512,
    "timeoutSeconds": 120,
    "maxInstances": null,
    "minInstances": null,
    "concurrency": 80,
    "vpc": null,
    "environmentVariables": {
      "FIREBASE_CONFIG": "{\"projectId\":\"taskmaster-app-642b7\",\"storageBucket\":\"taskmaster-app-642b7.firebasestorage.app\"}",
      "GCLOUD_PROJECT": "taskmaster-app-642b7",
      "EVENTARC_CLOUD_EVENT_SOURCE": "projects/taskmaster-app-642b7/locations/us-central1/services/sendDeadlineReminders",
      "FUNCTION_TARGET": "sendDeadlineReminders",
      "LOG_EXECUTION_ID": "true"
    },
    "codebase": "default",
    "runServiceId": "senddeadlinereminders",
    "cpu": 1,
    "securityLevel": "SECURE_ALWAYS",
    "targetedByOnly": true,
    "hash": "730e63c5f6d0588f3a1dd4bb5f26c4519e863d76"
  },
  "op": "update",
  "original": {
    "name": "FirebaseError",
    "children": [],
    "exit": 1,
    "message": "Could not create or update Cloud Run service senddeadlinereminders, Container Healthcheck failed. Revision 'senddeadlinereminders-00007-jat' is not ready and cannot serve traffic. The user-provided container failed to start and listen on the port defined provided by the PORT=8080 environment variable within the allocated timeout. This can happen when the container port is misconfigured or if the timeout is too short. The health check timeout can be extended. Logs for this revision might contain more information.\n\nLogs URL: https://console.cloud.google.com/logs/viewer?project=taskmaster-app-642b7&resource=cloud_run_revision/service_name/senddeadlinereminders/revision_name/senddeadlinereminders-00007-jat&advancedFilter=resource.type%3D%22cloud_run_revision%22%0Aresource.labels.service_name%3D%22senddeadlinereminders%22%0Aresource.labels.revision_name%3D%22senddeadlinereminders-00007-jat%22 \nFor more troubleshooting guidance, see https://cloud.google.com/run/docs/troubleshooting#container-failed-to-start",
    "original": {
      "code": 3,
      "message": "Could not create or update Cloud Run service senddeadlinereminders, Container Healthcheck failed. Revision 'senddeadlinereminders-00007-jat' is not ready and cannot serve traffic. The user-provided container failed to start and listen on the port defined provided by the PORT=8080 environment variable within the allocated timeout. This can happen when the container port is misconfigured or if the timeout is too short. The health check timeout can be extended. Logs for this revision might contain more information.\n\nLogs URL: https://console.cloud.google.com/logs/viewer?project=taskmaster-app-642b7&resource=cloud_run_revision/service_name/senddeadlinereminders/revision_name/senddeadlinereminders-00007-jat&advancedFilter=resource.type%3D%22cloud_run_revision%22%0Aresource.labels.service_name%3D%22senddeadlinereminders%22%0Aresource.labels.revision_name%3D%22senddeadlinereminders-00007-jat%22 \nFor more troubleshooting guidance, see https://cloud.google.com/run/docs/troubleshooting#container-failed-to-start"
    },
    "status": 3,
    "code": 3
  }
}
[debug] [2025-10-15T20:10:59.671Z] Error: Failed to update function sendDeadlineReminders in region us-central1
    at C:\Users\Carlos\AppData\Roaming\npm\node_modules\firebase-tools\lib\deploy\functions\release\fabricator.js:411:19
    at process.processTicksAndRejections (node:internal/process/task_queues:105:5)
    at async Fabricator.updateV2Function (C:\Users\Carlos\AppData\Roaming\npm\node_modules\firebase-tools\lib\deploy\functions\release\fabricator.js:400:32)
    at async Fabricator.updateEndpoint (C:\Users\Carlos\AppData\Roaming\npm\node_modules\firebase-tools\lib\deploy\functions\release\fabricator.js:160:13)
    at async handle (C:\Users\Carlos\AppData\Roaming\npm\node_modules\firebase-tools\lib\deploy\functions\release\fabricator.js:89:17)
[error] 
[error] Error: There was an error deploying functions
